2024-07-10T11:51:02.701+08:00  INFO 34328 --- [博客系统] [restartedMain] o.e.springboot.SpringbootApplication     : Starting SpringbootApplication using Java 17 with PID 34328 (C:\Users\FOREVERGWC\IdeaProjects\博客系统\springboot\target\classes started by FOREVERGWC in C:\Users\FOREVERGWC\IdeaProjects\博客系统\springboot)
2024-07-10T11:51:02.703+08:00  INFO 34328 --- [博客系统] [restartedMain] o.e.springboot.SpringbootApplication     : The following 1 profile is active: "dev"
2024-07-10T11:51:02.740+08:00  INFO 34328 --- [博客系统] [restartedMain] .e.DevToolsPropertyDefaultsPostProcessor : Devtools property defaults active! Set 'spring.devtools.add-properties' to 'false' to disable
2024-07-10T11:51:02.740+08:00  INFO 34328 --- [博客系统] [restartedMain] .e.DevToolsPropertyDefaultsPostProcessor : For additional web related logging consider setting the 'logging.level.web' property to 'DEBUG'
2024-07-10T11:51:03.317+08:00 DEBUG 34328 --- [博客系统] [restartedMain] c.b.m.a.MybatisPlusAutoConfiguration     : Searching for mappers annotated with @Mapper
2024-07-10T11:51:03.318+08:00 DEBUG 34328 --- [博客系统] [restartedMain] c.b.m.a.MybatisPlusAutoConfiguration     : Using auto-configuration base package 'org.example.springboot'
2024-07-10T11:51:03.902+08:00  INFO 34328 --- [博客系统] [restartedMain] o.s.b.w.embedded.tomcat.TomcatWebServer  : Tomcat initialized with port 9090 (http)
2024-07-10T11:51:03.912+08:00  INFO 34328 --- [博客系统] [restartedMain] o.apache.catalina.core.StandardService   : Starting service [Tomcat]
2024-07-10T11:51:03.912+08:00  INFO 34328 --- [博客系统] [restartedMain] o.apache.catalina.core.StandardEngine    : Starting Servlet engine: [Apache Tomcat/10.1.25]
2024-07-10T11:51:03.958+08:00  INFO 34328 --- [博客系统] [restartedMain] o.a.c.c.C.[Tomcat].[localhost].[/]       : Initializing Spring embedded WebApplicationContext
2024-07-10T11:51:03.958+08:00  INFO 34328 --- [博客系统] [restartedMain] w.s.c.ServletWebServerApplicationContext : Root WebApplicationContext: initialization completed in 1217 ms
2024-07-10T11:51:04.032+08:00  INFO 34328 --- [博客系统] [restartedMain] c.a.d.s.b.a.DruidDataSourceAutoConfigure : Init DruidDataSource
2024-07-10T11:51:04.108+08:00  INFO 34328 --- [博客系统] [restartedMain] com.alibaba.druid.pool.DruidDataSource   : {dataSource-1} inited
2024-07-10T11:51:04.212+08:00 DEBUG 34328 --- [博客系统] [restartedMain] c.b.m.e.s.MybatisSqlSessionFactoryBean   : Registered plugin: 'com.baomidou.mybatisplus.extension.plugins.MybatisPlusInterceptor@66e740d7'
2024-07-10T11:51:04.214+08:00 DEBUG 34328 --- [博客系统] [restartedMain] c.b.m.e.s.MybatisSqlSessionFactoryBean   : Property 'mapperLocations' was not specified.
2024-07-10T11:51:04.225+08:00 DEBUG 34328 --- [博客系统] [restartedMain] c.b.mybatisplus.core.toolkit.Sequence    : Initialization Sequence datacenterId:2 workerId:6
2024-07-10T11:51:05.315+08:00 DEBUG 34328 --- [博客系统] [restartedMain] c.b.m.a.MybatisPlusAutoConfiguration     : Not found configuration for registering mapper bean using @MapperScan, MapperFactoryBean and MapperScannerConfigurer.
2024-07-10T11:51:05.445+08:00  INFO 34328 --- [博客系统] [restartedMain] o.s.b.d.a.OptionalLiveReloadServer       : LiveReload server is running on port 35729
2024-07-10T11:51:05.488+08:00  INFO 34328 --- [博客系统] [restartedMain] o.s.b.w.embedded.tomcat.TomcatWebServer  : Tomcat started on port 9090 (http) with context path '/'
2024-07-10T11:51:05.490+08:00  INFO 34328 --- [博客系统] [restartedMain] o.e.s.common.config.SwaggerConfig        : -----------------------------------------------------
2024-07-10T11:51:05.490+08:00  INFO 34328 --- [博客系统] [restartedMain] o.e.s.common.config.SwaggerConfig        : -	本地地址：http://192.168.0.122:9090
2024-07-10T11:51:05.490+08:00  INFO 34328 --- [博客系统] [restartedMain] o.e.s.common.config.SwaggerConfig        : -	Swagger文档：http://192.168.0.122:9090/doc.html
2024-07-10T11:51:05.490+08:00  INFO 34328 --- [博客系统] [restartedMain] o.e.s.common.config.SwaggerConfig        : -----------------------------------------------------
2024-07-10T11:51:05.498+08:00  INFO 34328 --- [博客系统] [restartedMain] o.e.springboot.SpringbootApplication     : Started SpringbootApplication in 3.174 seconds (process running for 4.029)
2024-07-10T11:51:05.500+08:00 DEBUG 34328 --- [博客系统] [restartedMain] c.b.m.a.DdlApplicationRunner             :   ...  DDL start create  ...  
2024-07-10T11:51:05.501+08:00 DEBUG 34328 --- [博客系统] [restartedMain] c.b.m.a.DdlApplicationRunner             :   ...  DDL end create  ...  
2024-07-10T11:51:08.220+08:00  INFO 34328 --- [博客系统] [http-nio-9090-exec-1] o.a.c.c.C.[Tomcat].[localhost].[/]       : Initializing Spring DispatcherServlet 'dispatcherServlet'
2024-07-10T11:51:08.220+08:00  INFO 34328 --- [博客系统] [http-nio-9090-exec-1] o.s.web.servlet.DispatcherServlet        : Initializing Servlet 'dispatcherServlet'
2024-07-10T11:51:08.222+08:00  INFO 34328 --- [博客系统] [http-nio-9090-exec-1] o.s.web.servlet.DispatcherServlet        : Completed initialization in 2 ms
2024-07-10T11:51:08.767+08:00  WARN 34328 --- [博客系统] [http-nio-9090-exec-3] o.s.web.servlet.PageNotFound             : No mapping for GET /favicon.ico
2024-07-10T11:51:08.827+08:00  WARN 34328 --- [博客系统] [http-nio-9090-exec-3] .m.m.a.ExceptionHandlerExceptionResolver : Resolved [org.springframework.web.servlet.NoHandlerFoundException: No endpoint GET /favicon.ico.]
2024-07-10T11:51:09.535+08:00  INFO 34328 --- [博客系统] [http-nio-9090-exec-9] o.springdoc.api.AbstractOpenApiResource  : Init duration for springdoc-openapi is: 682 ms
2024-07-10T11:51:11.485+08:00  WARN 34328 --- [博客系统] [http-nio-9090-exec-1] o.s.web.servlet.PageNotFound             : No mapping for GET /favicon.ico
2024-07-10T11:51:11.487+08:00  WARN 34328 --- [博客系统] [http-nio-9090-exec-1] .m.m.a.ExceptionHandlerExceptionResolver : Resolved [org.springframework.web.servlet.NoHandlerFoundException: No endpoint GET /favicon.ico.]
2024-07-10T11:51:11.509+08:00  INFO 34328 --- [博客系统] [File Watcher] rtingClassPathChangeChangedEventListener : Restarting due to 109 class path changes (0 additions, 106 deletions, 3 modifications)
2024-07-10T11:51:11.764+08:00  INFO 34328 --- [博客系统] [Thread-5] com.alibaba.druid.pool.DruidDataSource   : {dataSource-1} closing ...
2024-07-10T11:51:11.765+08:00  INFO 34328 --- [博客系统] [Thread-5] com.alibaba.druid.pool.DruidDataSource   : {dataSource-1} closed
2024-07-10T11:51:11.861+08:00  INFO 34328 --- [博客系统] [restartedMain] o.e.springboot.SpringbootApplication     : Starting SpringbootApplication using Java 17 with PID 34328 (C:\Users\FOREVERGWC\IdeaProjects\博客系统\springboot\target\classes started by FOREVERGWC in C:\Users\FOREVERGWC\IdeaProjects\博客系统\springboot)
2024-07-10T11:51:11.862+08:00  INFO 34328 --- [博客系统] [restartedMain] o.e.springboot.SpringbootApplication     : The following 1 profile is active: "dev"
2024-07-10T11:51:12.038+08:00 DEBUG 34328 --- [博客系统] [restartedMain] c.b.m.a.MybatisPlusAutoConfiguration     : Searching for mappers annotated with @Mapper
2024-07-10T11:51:12.039+08:00 DEBUG 34328 --- [博客系统] [restartedMain] c.b.m.a.MybatisPlusAutoConfiguration     : Using auto-configuration base package 'org.example.springboot'
2024-07-10T11:51:12.087+08:00  WARN 34328 --- [博客系统] [restartedMain] o.m.s.mapper.ClassPathMapperScanner      : No MyBatis mapper was found in '[org.example.springboot]' package. Please check your configuration.
2024-07-10T11:51:12.126+08:00  INFO 34328 --- [博客系统] [restartedMain] o.s.b.w.embedded.tomcat.TomcatWebServer  : Tomcat initialized with port 9090 (http)
2024-07-10T11:51:12.128+08:00  INFO 34328 --- [博客系统] [restartedMain] o.apache.catalina.core.StandardService   : Starting service [Tomcat]
2024-07-10T11:51:12.129+08:00  INFO 34328 --- [博客系统] [restartedMain] o.apache.catalina.core.StandardEngine    : Starting Servlet engine: [Apache Tomcat/10.1.25]
2024-07-10T11:51:12.147+08:00  INFO 34328 --- [博客系统] [restartedMain] o.a.c.c.C.[Tomcat].[localhost].[/]       : Initializing Spring embedded WebApplicationContext
2024-07-10T11:51:12.147+08:00  INFO 34328 --- [博客系统] [restartedMain] w.s.c.ServletWebServerApplicationContext : Root WebApplicationContext: initialization completed in 283 ms
2024-07-10T11:51:12.695+08:00  INFO 34328 --- [博客系统] [restartedMain] c.a.d.s.b.a.DruidDataSourceAutoConfigure : Init DruidDataSource
2024-07-10T11:51:12.739+08:00  INFO 34328 --- [博客系统] [restartedMain] com.alibaba.druid.pool.DruidDataSource   : {dataSource-2} inited
2024-07-10T11:51:12.749+08:00 DEBUG 34328 --- [博客系统] [restartedMain] c.b.m.a.MybatisPlusAutoConfiguration     : Not found configuration for registering mapper bean using @MapperScan, MapperFactoryBean and MapperScannerConfigurer.
2024-07-10T11:51:12.774+08:00 DEBUG 34328 --- [博客系统] [restartedMain] c.b.m.e.s.MybatisSqlSessionFactoryBean   : Property 'mapperLocations' was not specified.
2024-07-10T11:51:12.832+08:00  INFO 34328 --- [博客系统] [restartedMain] o.s.b.d.a.OptionalLiveReloadServer       : LiveReload server is running on port 35729
2024-07-10T11:51:12.853+08:00  INFO 34328 --- [博客系统] [restartedMain] o.s.b.w.embedded.tomcat.TomcatWebServer  : Tomcat started on port 9090 (http) with context path '/'
2024-07-10T11:51:12.858+08:00  INFO 34328 --- [博客系统] [restartedMain] o.e.springboot.SpringbootApplication     : Started SpringbootApplication in 1.035 seconds (process running for 11.388)
2024-07-10T11:51:12.859+08:00 DEBUG 34328 --- [博客系统] [restartedMain] c.b.m.a.DdlApplicationRunner             :   ...  DDL start create  ...  
2024-07-10T11:51:12.859+08:00 DEBUG 34328 --- [博客系统] [restartedMain] c.b.m.a.DdlApplicationRunner             :   ...  DDL end create  ...  
2024-07-10T11:51:12.861+08:00  INFO 34328 --- [博客系统] [restartedMain] .ConditionEvaluationDeltaLoggingListener : Condition evaluation unchanged
2024-07-10T11:51:13.002+08:00  INFO 34328 --- [博客系统] [http-nio-9090-exec-1] o.a.c.c.C.[Tomcat].[localhost].[/]       : Initializing Spring DispatcherServlet 'dispatcherServlet'
2024-07-10T11:51:13.002+08:00  INFO 34328 --- [博客系统] [http-nio-9090-exec-1] o.s.web.servlet.DispatcherServlet        : Initializing Servlet 'dispatcherServlet'
2024-07-10T11:51:13.005+08:00  INFO 34328 --- [博客系统] [http-nio-9090-exec-1] o.s.web.servlet.DispatcherServlet        : Completed initialization in 2 ms
2024-07-10T11:51:13.006+08:00  WARN 34328 --- [博客系统] [http-nio-9090-exec-1] o.s.web.servlet.PageNotFound             : No mapping for GET /favicon.ico
2024-07-10T11:51:13.007+08:00  WARN 34328 --- [博客系统] [http-nio-9090-exec-1] o.s.web.servlet.PageNotFound             : No endpoint GET /favicon.ico.
2024-07-10T11:51:13.026+08:00  WARN 34328 --- [博客系统] [http-nio-9090-exec-2] o.s.web.servlet.PageNotFound             : No mapping for GET /favicon.ico
2024-07-10T11:51:13.027+08:00  WARN 34328 --- [博客系统] [http-nio-9090-exec-2] o.s.web.servlet.PageNotFound             : No endpoint GET /favicon.ico.
2024-07-10T11:51:13.033+08:00  WARN 34328 --- [博客系统] [http-nio-9090-exec-3] o.s.web.servlet.PageNotFound             : No mapping for GET /favicon.ico
2024-07-10T11:51:13.034+08:00  WARN 34328 --- [博客系统] [http-nio-9090-exec-3] o.s.web.servlet.PageNotFound             : No endpoint GET /favicon.ico.
2024-07-10T11:51:13.132+08:00  WARN 34328 --- [博客系统] [http-nio-9090-exec-4] o.s.web.servlet.PageNotFound             : No mapping for GET /favicon.ico
2024-07-10T11:51:13.133+08:00  WARN 34328 --- [博客系统] [http-nio-9090-exec-4] o.s.web.servlet.PageNotFound             : No endpoint GET /favicon.ico.
2024-07-10T11:51:15.800+08:00  INFO 34328 --- [博客系统] [File Watcher] rtingClassPathChangeChangedEventListener : Restarting due to 106 class path changes (106 additions, 0 deletions, 0 modifications)
2024-07-10T11:51:15.979+08:00  INFO 34328 --- [博客系统] [Thread-7] com.alibaba.druid.pool.DruidDataSource   : {dataSource-2} closing ...
2024-07-10T11:51:15.979+08:00  INFO 34328 --- [博客系统] [Thread-7] com.alibaba.druid.pool.DruidDataSource   : {dataSource-2} closed
2024-07-10T11:51:16.067+08:00  INFO 34328 --- [博客系统] [restartedMain] o.e.springboot.SpringbootApplication     : Starting SpringbootApplication using Java 17 with PID 34328 (C:\Users\FOREVERGWC\IdeaProjects\博客系统\springboot\target\classes started by FOREVERGWC in C:\Users\FOREVERGWC\IdeaProjects\博客系统\springboot)
2024-07-10T11:51:16.068+08:00  INFO 34328 --- [博客系统] [restartedMain] o.e.springboot.SpringbootApplication     : The following 1 profile is active: "dev"
2024-07-10T11:51:16.346+08:00 DEBUG 34328 --- [博客系统] [restartedMain] c.b.m.a.MybatisPlusAutoConfiguration     : Searching for mappers annotated with @Mapper
2024-07-10T11:51:16.346+08:00 DEBUG 34328 --- [博客系统] [restartedMain] c.b.m.a.MybatisPlusAutoConfiguration     : Using auto-configuration base package 'org.example.springboot'
2024-07-10T11:51:16.549+08:00  INFO 34328 --- [博客系统] [restartedMain] o.s.b.w.embedded.tomcat.TomcatWebServer  : Tomcat initialized with port 9090 (http)
2024-07-10T11:51:16.550+08:00  INFO 34328 --- [博客系统] [restartedMain] o.apache.catalina.core.StandardService   : Starting service [Tomcat]
2024-07-10T11:51:16.550+08:00  INFO 34328 --- [博客系统] [restartedMain] o.apache.catalina.core.StandardEngine    : Starting Servlet engine: [Apache Tomcat/10.1.25]
2024-07-10T11:51:16.574+08:00  INFO 34328 --- [博客系统] [restartedMain] o.a.c.c.C.[Tomcat].[localhost].[/]       : Initializing Spring embedded WebApplicationContext
2024-07-10T11:51:16.575+08:00  INFO 34328 --- [博客系统] [restartedMain] w.s.c.ServletWebServerApplicationContext : Root WebApplicationContext: initialization completed in 505 ms
2024-07-10T11:51:16.604+08:00  INFO 34328 --- [博客系统] [restartedMain] c.a.d.s.b.a.DruidDataSourceAutoConfigure : Init DruidDataSource
2024-07-10T11:51:16.638+08:00  INFO 34328 --- [博客系统] [restartedMain] com.alibaba.druid.pool.DruidDataSource   : {dataSource-3} inited
2024-07-10T11:51:16.689+08:00 DEBUG 34328 --- [博客系统] [restartedMain] c.b.m.e.s.MybatisSqlSessionFactoryBean   : Registered plugin: 'com.baomidou.mybatisplus.extension.plugins.MybatisPlusInterceptor@477fb1c5'
2024-07-10T11:51:16.689+08:00 DEBUG 34328 --- [博客系统] [restartedMain] c.b.m.e.s.MybatisSqlSessionFactoryBean   : Property 'mapperLocations' was not specified.
2024-07-10T11:51:17.390+08:00 DEBUG 34328 --- [博客系统] [restartedMain] c.b.m.a.MybatisPlusAutoConfiguration     : Not found configuration for registering mapper bean using @MapperScan, MapperFactoryBean and MapperScannerConfigurer.
2024-07-10T11:51:17.426+08:00  INFO 34328 --- [博客系统] [restartedMain] o.s.b.d.a.OptionalLiveReloadServer       : LiveReload server is running on port 35729
2024-07-10T11:51:17.451+08:00  INFO 34328 --- [博客系统] [restartedMain] o.s.b.w.embedded.tomcat.TomcatWebServer  : Tomcat started on port 9090 (http) with context path '/'
2024-07-10T11:51:17.453+08:00  INFO 34328 --- [博客系统] [restartedMain] o.e.s.common.config.SwaggerConfig        : -----------------------------------------------------
2024-07-10T11:51:17.453+08:00  INFO 34328 --- [博客系统] [restartedMain] o.e.s.common.config.SwaggerConfig        : -	本地地址：http://192.168.0.122:9090
2024-07-10T11:51:17.453+08:00  INFO 34328 --- [博客系统] [restartedMain] o.e.s.common.config.SwaggerConfig        : -	Swagger文档：http://192.168.0.122:9090/doc.html
2024-07-10T11:51:17.453+08:00  INFO 34328 --- [博客系统] [restartedMain] o.e.s.common.config.SwaggerConfig        : -----------------------------------------------------
2024-07-10T11:51:17.457+08:00  INFO 34328 --- [博客系统] [restartedMain] o.e.springboot.SpringbootApplication     : Started SpringbootApplication in 1.426 seconds (process running for 15.987)
2024-07-10T11:51:17.458+08:00 DEBUG 34328 --- [博客系统] [restartedMain] c.b.m.a.DdlApplicationRunner             :   ...  DDL start create  ...  
2024-07-10T11:51:17.458+08:00 DEBUG 34328 --- [博客系统] [restartedMain] c.b.m.a.DdlApplicationRunner             :   ...  DDL end create  ...  
2024-07-10T11:51:17.458+08:00  INFO 34328 --- [博客系统] [restartedMain] .ConditionEvaluationDeltaLoggingListener : Condition evaluation unchanged
2024-07-10T11:52:10.175+08:00  INFO 34328 --- [博客系统] [File Watcher] rtingClassPathChangeChangedEventListener : Restarting due to 2 class path changes (0 additions, 1 deletion, 1 modification)
2024-07-10T11:52:10.332+08:00  INFO 34328 --- [博客系统] [Thread-11] com.alibaba.druid.pool.DruidDataSource   : {dataSource-3} closing ...
2024-07-10T11:52:10.333+08:00  INFO 34328 --- [博客系统] [Thread-11] com.alibaba.druid.pool.DruidDataSource   : {dataSource-3} closed
2024-07-10T11:52:10.406+08:00  INFO 34328 --- [博客系统] [restartedMain] o.e.springboot.SpringbootApplication     : Starting SpringbootApplication using Java 17 with PID 34328 (C:\Users\FOREVERGWC\IdeaProjects\博客系统\springboot\target\classes started by FOREVERGWC in C:\Users\FOREVERGWC\IdeaProjects\博客系统\springboot)
2024-07-10T11:52:10.406+08:00  INFO 34328 --- [博客系统] [restartedMain] o.e.springboot.SpringbootApplication     : The following 1 profile is active: "dev"
2024-07-10T11:52:10.608+08:00 DEBUG 34328 --- [博客系统] [restartedMain] c.b.m.a.MybatisPlusAutoConfiguration     : Searching for mappers annotated with @Mapper
2024-07-10T11:52:10.608+08:00 DEBUG 34328 --- [博客系统] [restartedMain] c.b.m.a.MybatisPlusAutoConfiguration     : Using auto-configuration base package 'org.example.springboot'
2024-07-10T11:52:10.711+08:00  INFO 34328 --- [博客系统] [restartedMain] o.s.b.w.embedded.tomcat.TomcatWebServer  : Tomcat initialized with port 9090 (http)
2024-07-10T11:52:10.711+08:00  INFO 34328 --- [博客系统] [restartedMain] o.apache.catalina.core.StandardService   : Starting service [Tomcat]
2024-07-10T11:52:10.711+08:00  INFO 34328 --- [博客系统] [restartedMain] o.apache.catalina.core.StandardEngine    : Starting Servlet engine: [Apache Tomcat/10.1.25]
2024-07-10T11:52:10.728+08:00  INFO 34328 --- [博客系统] [restartedMain] o.a.c.c.C.[Tomcat].[localhost].[/]       : Initializing Spring embedded WebApplicationContext
2024-07-10T11:52:10.729+08:00  INFO 34328 --- [博客系统] [restartedMain] w.s.c.ServletWebServerApplicationContext : Root WebApplicationContext: initialization completed in 321 ms
2024-07-10T11:52:10.747+08:00  INFO 34328 --- [博客系统] [restartedMain] c.a.d.s.b.a.DruidDataSourceAutoConfigure : Init DruidDataSource
2024-07-10T11:52:10.777+08:00  INFO 34328 --- [博客系统] [restartedMain] com.alibaba.druid.pool.DruidDataSource   : {dataSource-4} inited
2024-07-10T11:52:10.812+08:00 DEBUG 34328 --- [博客系统] [restartedMain] c.b.m.e.s.MybatisSqlSessionFactoryBean   : Registered plugin: 'com.baomidou.mybatisplus.extension.plugins.MybatisPlusInterceptor@5db07094'
2024-07-10T11:52:10.812+08:00 DEBUG 34328 --- [博客系统] [restartedMain] c.b.m.e.s.MybatisSqlSessionFactoryBean   : Property 'mapperLocations' was not specified.
2024-07-10T11:52:11.445+08:00 DEBUG 34328 --- [博客系统] [restartedMain] c.b.m.a.MybatisPlusAutoConfiguration     : Not found configuration for registering mapper bean using @MapperScan, MapperFactoryBean and MapperScannerConfigurer.
2024-07-10T11:52:11.491+08:00  INFO 34328 --- [博客系统] [restartedMain] o.s.b.d.a.OptionalLiveReloadServer       : LiveReload server is running on port 35729
2024-07-10T11:52:11.510+08:00  INFO 34328 --- [博客系统] [restartedMain] o.s.b.w.embedded.tomcat.TomcatWebServer  : Tomcat started on port 9090 (http) with context path '/'
2024-07-10T11:52:11.512+08:00  INFO 34328 --- [博客系统] [restartedMain] o.e.s.common.config.SwaggerConfig        : -----------------------------------------------------
2024-07-10T11:52:11.512+08:00  INFO 34328 --- [博客系统] [restartedMain] o.e.s.common.config.SwaggerConfig        : -	本地地址：http://192.168.0.122:9090
2024-07-10T11:52:11.512+08:00  INFO 34328 --- [博客系统] [restartedMain] o.e.s.common.config.SwaggerConfig        : -	Swagger文档：http://192.168.0.122:9090/doc.html
2024-07-10T11:52:11.512+08:00  INFO 34328 --- [博客系统] [restartedMain] o.e.s.common.config.SwaggerConfig        : -----------------------------------------------------
2024-07-10T11:52:11.516+08:00  INFO 34328 --- [博客系统] [restartedMain] o.e.springboot.SpringbootApplication     : Started SpringbootApplication in 1.141 seconds (process running for 70.047)
2024-07-10T11:52:11.517+08:00 DEBUG 34328 --- [博客系统] [restartedMain] c.b.m.a.DdlApplicationRunner             :   ...  DDL start create  ...  
2024-07-10T11:52:11.517+08:00 DEBUG 34328 --- [博客系统] [restartedMain] c.b.m.a.DdlApplicationRunner             :   ...  DDL end create  ...  
2024-07-10T11:52:11.518+08:00  INFO 34328 --- [博客系统] [restartedMain] .ConditionEvaluationDeltaLoggingListener : Condition evaluation unchanged
2024-07-10T11:52:12.965+08:00  INFO 34328 --- [博客系统] [File Watcher] rtingClassPathChangeChangedEventListener : Restarting due to 1 class path change (1 addition, 0 deletions, 0 modifications)
2024-07-10T11:52:13.102+08:00  INFO 34328 --- [博客系统] [Thread-15] com.alibaba.druid.pool.DruidDataSource   : {dataSource-4} closing ...
2024-07-10T11:52:13.103+08:00  INFO 34328 --- [博客系统] [Thread-15] com.alibaba.druid.pool.DruidDataSource   : {dataSource-4} closed
2024-07-10T11:52:13.159+08:00  INFO 34328 --- [博客系统] [restartedMain] o.e.springboot.SpringbootApplication     : Starting SpringbootApplication using Java 17 with PID 34328 (C:\Users\FOREVERGWC\IdeaProjects\博客系统\springboot\target\classes started by FOREVERGWC in C:\Users\FOREVERGWC\IdeaProjects\博客系统\springboot)
2024-07-10T11:52:13.159+08:00  INFO 34328 --- [博客系统] [restartedMain] o.e.springboot.SpringbootApplication     : The following 1 profile is active: "dev"
2024-07-10T11:52:13.331+08:00 DEBUG 34328 --- [博客系统] [restartedMain] c.b.m.a.MybatisPlusAutoConfiguration     : Searching for mappers annotated with @Mapper
2024-07-10T11:52:13.332+08:00 DEBUG 34328 --- [博客系统] [restartedMain] c.b.m.a.MybatisPlusAutoConfiguration     : Using auto-configuration base package 'org.example.springboot'
2024-07-10T11:52:13.434+08:00  INFO 34328 --- [博客系统] [restartedMain] o.s.b.w.embedded.tomcat.TomcatWebServer  : Tomcat initialized with port 9090 (http)
2024-07-10T11:52:13.435+08:00  INFO 34328 --- [博客系统] [restartedMain] o.apache.catalina.core.StandardService   : Starting service [Tomcat]
2024-07-10T11:52:13.435+08:00  INFO 34328 --- [博客系统] [restartedMain] o.apache.catalina.core.StandardEngine    : Starting Servlet engine: [Apache Tomcat/10.1.25]
2024-07-10T11:52:13.450+08:00  INFO 34328 --- [博客系统] [restartedMain] o.a.c.c.C.[Tomcat].[localhost].[/]       : Initializing Spring embedded WebApplicationContext
2024-07-10T11:52:13.450+08:00  INFO 34328 --- [博客系统] [restartedMain] w.s.c.ServletWebServerApplicationContext : Root WebApplicationContext: initialization completed in 289 ms
2024-07-10T11:52:13.467+08:00  INFO 34328 --- [博客系统] [restartedMain] c.a.d.s.b.a.DruidDataSourceAutoConfigure : Init DruidDataSource
2024-07-10T11:52:13.489+08:00  INFO 34328 --- [博客系统] [restartedMain] com.alibaba.druid.pool.DruidDataSource   : {dataSource-5} inited
2024-07-10T11:52:13.519+08:00 DEBUG 34328 --- [博客系统] [restartedMain] c.b.m.e.s.MybatisSqlSessionFactoryBean   : Registered plugin: 'com.baomidou.mybatisplus.extension.plugins.MybatisPlusInterceptor@6081abb2'
2024-07-10T11:52:13.519+08:00 DEBUG 34328 --- [博客系统] [restartedMain] c.b.m.e.s.MybatisSqlSessionFactoryBean   : Property 'mapperLocations' was not specified.
2024-07-10T11:52:14.076+08:00 DEBUG 34328 --- [博客系统] [restartedMain] c.b.m.a.MybatisPlusAutoConfiguration     : Not found configuration for registering mapper bean using @MapperScan, MapperFactoryBean and MapperScannerConfigurer.
2024-07-10T11:52:14.113+08:00  INFO 34328 --- [博客系统] [restartedMain] o.s.b.d.a.OptionalLiveReloadServer       : LiveReload server is running on port 35729
2024-07-10T11:52:14.130+08:00  INFO 34328 --- [博客系统] [restartedMain] o.s.b.w.embedded.tomcat.TomcatWebServer  : Tomcat started on port 9090 (http) with context path '/'
2024-07-10T11:52:14.131+08:00  INFO 34328 --- [博客系统] [restartedMain] o.e.s.common.config.SwaggerConfig        : -----------------------------------------------------
2024-07-10T11:52:14.131+08:00  INFO 34328 --- [博客系统] [restartedMain] o.e.s.common.config.SwaggerConfig        : -	本地地址：http://192.168.0.122:9090
2024-07-10T11:52:14.131+08:00  INFO 34328 --- [博客系统] [restartedMain] o.e.s.common.config.SwaggerConfig        : -	Swagger文档：http://192.168.0.122:9090/doc.html
2024-07-10T11:52:14.131+08:00  INFO 34328 --- [博客系统] [restartedMain] o.e.s.common.config.SwaggerConfig        : -----------------------------------------------------
2024-07-10T11:52:14.134+08:00  INFO 34328 --- [博客系统] [restartedMain] o.e.springboot.SpringbootApplication     : Started SpringbootApplication in 1.0 seconds (process running for 72.665)
2024-07-10T11:52:14.135+08:00 DEBUG 34328 --- [博客系统] [restartedMain] c.b.m.a.DdlApplicationRunner             :   ...  DDL start create  ...  
2024-07-10T11:52:14.135+08:00 DEBUG 34328 --- [博客系统] [restartedMain] c.b.m.a.DdlApplicationRunner             :   ...  DDL end create  ...  
2024-07-10T11:52:14.136+08:00  INFO 34328 --- [博客系统] [restartedMain] .ConditionEvaluationDeltaLoggingListener : Condition evaluation unchanged
2024-07-10T11:53:01.723+08:00  INFO 34328 --- [博客系统] [File Watcher] rtingClassPathChangeChangedEventListener : Restarting due to 2 class path changes (0 additions, 1 deletion, 1 modification)
2024-07-10T11:53:01.939+08:00  INFO 34328 --- [博客系统] [Thread-19] com.alibaba.druid.pool.DruidDataSource   : {dataSource-5} closing ...
2024-07-10T11:53:01.939+08:00  INFO 34328 --- [博客系统] [Thread-19] com.alibaba.druid.pool.DruidDataSource   : {dataSource-5} closed
2024-07-10T11:53:02.043+08:00  INFO 34328 --- [博客系统] [restartedMain] o.e.springboot.SpringbootApplication     : Starting SpringbootApplication using Java 17 with PID 34328 (C:\Users\FOREVERGWC\IdeaProjects\博客系统\springboot\target\classes started by FOREVERGWC in C:\Users\FOREVERGWC\IdeaProjects\博客系统\springboot)
2024-07-10T11:53:02.044+08:00  INFO 34328 --- [博客系统] [restartedMain] o.e.springboot.SpringbootApplication     : The following 1 profile is active: "dev"
2024-07-10T11:53:02.377+08:00 DEBUG 34328 --- [博客系统] [restartedMain] c.b.m.a.MybatisPlusAutoConfiguration     : Searching for mappers annotated with @Mapper
2024-07-10T11:53:02.377+08:00 DEBUG 34328 --- [博客系统] [restartedMain] c.b.m.a.MybatisPlusAutoConfiguration     : Using auto-configuration base package 'org.example.springboot'
2024-07-10T11:53:02.517+08:00  INFO 34328 --- [博客系统] [restartedMain] o.s.b.w.embedded.tomcat.TomcatWebServer  : Tomcat initialized with port 9090 (http)
2024-07-10T11:53:02.518+08:00  INFO 34328 --- [博客系统] [restartedMain] o.apache.catalina.core.StandardService   : Starting service [Tomcat]
2024-07-10T11:53:02.518+08:00  INFO 34328 --- [博客系统] [restartedMain] o.apache.catalina.core.StandardEngine    : Starting Servlet engine: [Apache Tomcat/10.1.25]
2024-07-10T11:53:02.534+08:00  INFO 34328 --- [博客系统] [restartedMain] o.a.c.c.C.[Tomcat].[localhost].[/]       : Initializing Spring embedded WebApplicationContext
2024-07-10T11:53:02.534+08:00  INFO 34328 --- [博客系统] [restartedMain] w.s.c.ServletWebServerApplicationContext : Root WebApplicationContext: initialization completed in 487 ms
2024-07-10T11:53:02.553+08:00  INFO 34328 --- [博客系统] [restartedMain] c.a.d.s.b.a.DruidDataSourceAutoConfigure : Init DruidDataSource
2024-07-10T11:53:02.577+08:00  INFO 34328 --- [博客系统] [restartedMain] com.alibaba.druid.pool.DruidDataSource   : {dataSource-6} inited
2024-07-10T11:53:02.619+08:00 DEBUG 34328 --- [博客系统] [restartedMain] c.b.m.e.s.MybatisSqlSessionFactoryBean   : Registered plugin: 'com.baomidou.mybatisplus.extension.plugins.MybatisPlusInterceptor@145befab'
2024-07-10T11:53:02.619+08:00 DEBUG 34328 --- [博客系统] [restartedMain] c.b.m.e.s.MybatisSqlSessionFactoryBean   : Property 'mapperLocations' was not specified.
2024-07-10T11:53:03.222+08:00 DEBUG 34328 --- [博客系统] [restartedMain] c.b.m.a.MybatisPlusAutoConfiguration     : Not found configuration for registering mapper bean using @MapperScan, MapperFactoryBean and MapperScannerConfigurer.
2024-07-10T11:53:03.269+08:00  INFO 34328 --- [博客系统] [restartedMain] o.s.b.d.a.OptionalLiveReloadServer       : LiveReload server is running on port 35729
2024-07-10T11:53:03.290+08:00  INFO 34328 --- [博客系统] [restartedMain] o.s.b.w.embedded.tomcat.TomcatWebServer  : Tomcat started on port 9090 (http) with context path '/'
2024-07-10T11:53:03.292+08:00  INFO 34328 --- [博客系统] [restartedMain] o.e.s.common.config.SwaggerConfig        : -----------------------------------------------------
2024-07-10T11:53:03.293+08:00  INFO 34328 --- [博客系统] [restartedMain] o.e.s.common.config.SwaggerConfig        : -	本地地址：http://192.168.0.122:9090
2024-07-10T11:53:03.293+08:00  INFO 34328 --- [博客系统] [restartedMain] o.e.s.common.config.SwaggerConfig        : -	Swagger文档：http://192.168.0.122:9090/doc.html
2024-07-10T11:53:03.293+08:00  INFO 34328 --- [博客系统] [restartedMain] o.e.s.common.config.SwaggerConfig        : -----------------------------------------------------
2024-07-10T11:53:03.298+08:00  INFO 34328 --- [博客系统] [restartedMain] o.e.springboot.SpringbootApplication     : Started SpringbootApplication in 1.306 seconds (process running for 121.828)
2024-07-10T11:53:03.299+08:00 DEBUG 34328 --- [博客系统] [restartedMain] c.b.m.a.DdlApplicationRunner             :   ...  DDL start create  ...  
2024-07-10T11:53:03.299+08:00 DEBUG 34328 --- [博客系统] [restartedMain] c.b.m.a.DdlApplicationRunner             :   ...  DDL end create  ...  
2024-07-10T11:53:03.300+08:00  INFO 34328 --- [博客系统] [restartedMain] .ConditionEvaluationDeltaLoggingListener : Condition evaluation unchanged
2024-07-10T11:53:04.764+08:00  INFO 34328 --- [博客系统] [File Watcher] rtingClassPathChangeChangedEventListener : Restarting due to 1 class path change (1 addition, 0 deletions, 0 modifications)
2024-07-10T11:53:04.924+08:00  INFO 34328 --- [博客系统] [Thread-23] com.alibaba.druid.pool.DruidDataSource   : {dataSource-6} closing ...
2024-07-10T11:53:04.924+08:00  INFO 34328 --- [博客系统] [Thread-23] com.alibaba.druid.pool.DruidDataSource   : {dataSource-6} closed
2024-07-10T11:53:04.986+08:00  INFO 34328 --- [博客系统] [restartedMain] o.e.springboot.SpringbootApplication     : Starting SpringbootApplication using Java 17 with PID 34328 (C:\Users\FOREVERGWC\IdeaProjects\博客系统\springboot\target\classes started by FOREVERGWC in C:\Users\FOREVERGWC\IdeaProjects\博客系统\springboot)
2024-07-10T11:53:04.987+08:00  INFO 34328 --- [博客系统] [restartedMain] o.e.springboot.SpringbootApplication     : The following 1 profile is active: "dev"
2024-07-10T11:53:05.151+08:00 DEBUG 34328 --- [博客系统] [restartedMain] c.b.m.a.MybatisPlusAutoConfiguration     : Searching for mappers annotated with @Mapper
2024-07-10T11:53:05.151+08:00 DEBUG 34328 --- [博客系统] [restartedMain] c.b.m.a.MybatisPlusAutoConfiguration     : Using auto-configuration base package 'org.example.springboot'
2024-07-10T11:53:05.243+08:00  INFO 34328 --- [博客系统] [restartedMain] o.s.b.w.embedded.tomcat.TomcatWebServer  : Tomcat initialized with port 9090 (http)
2024-07-10T11:53:05.244+08:00  INFO 34328 --- [博客系统] [restartedMain] o.apache.catalina.core.StandardService   : Starting service [Tomcat]
2024-07-10T11:53:05.244+08:00  INFO 34328 --- [博客系统] [restartedMain] o.apache.catalina.core.StandardEngine    : Starting Servlet engine: [Apache Tomcat/10.1.25]
2024-07-10T11:53:05.259+08:00  INFO 34328 --- [博客系统] [restartedMain] o.a.c.c.C.[Tomcat].[localhost].[/]       : Initializing Spring embedded WebApplicationContext
2024-07-10T11:53:05.259+08:00  INFO 34328 --- [博客系统] [restartedMain] w.s.c.ServletWebServerApplicationContext : Root WebApplicationContext: initialization completed in 271 ms
2024-07-10T11:53:05.273+08:00  INFO 34328 --- [博客系统] [restartedMain] c.a.d.s.b.a.DruidDataSourceAutoConfigure : Init DruidDataSource
2024-07-10T11:53:05.297+08:00  INFO 34328 --- [博客系统] [restartedMain] com.alibaba.druid.pool.DruidDataSource   : {dataSource-7} inited
2024-07-10T11:53:05.328+08:00 DEBUG 34328 --- [博客系统] [restartedMain] c.b.m.e.s.MybatisSqlSessionFactoryBean   : Registered plugin: 'com.baomidou.mybatisplus.extension.plugins.MybatisPlusInterceptor@76326360'
2024-07-10T11:53:05.328+08:00 DEBUG 34328 --- [博客系统] [restartedMain] c.b.m.e.s.MybatisSqlSessionFactoryBean   : Property 'mapperLocations' was not specified.
2024-07-10T11:53:05.873+08:00 DEBUG 34328 --- [博客系统] [restartedMain] c.b.m.a.MybatisPlusAutoConfiguration     : Not found configuration for registering mapper bean using @MapperScan, MapperFactoryBean and MapperScannerConfigurer.
2024-07-10T11:53:05.906+08:00  INFO 34328 --- [博客系统] [restartedMain] o.s.b.d.a.OptionalLiveReloadServer       : LiveReload server is running on port 35729
2024-07-10T11:53:05.922+08:00  INFO 34328 --- [博客系统] [restartedMain] o.s.b.w.embedded.tomcat.TomcatWebServer  : Tomcat started on port 9090 (http) with context path '/'
2024-07-10T11:53:05.922+08:00  INFO 34328 --- [博客系统] [restartedMain] o.e.s.common.config.SwaggerConfig        : -----------------------------------------------------
2024-07-10T11:53:05.922+08:00  INFO 34328 --- [博客系统] [restartedMain] o.e.s.common.config.SwaggerConfig        : -	本地地址：http://192.168.0.122:9090
2024-07-10T11:53:05.922+08:00  INFO 34328 --- [博客系统] [restartedMain] o.e.s.common.config.SwaggerConfig        : -	Swagger文档：http://192.168.0.122:9090/doc.html
2024-07-10T11:53:05.922+08:00  INFO 34328 --- [博客系统] [restartedMain] o.e.s.common.config.SwaggerConfig        : -----------------------------------------------------
2024-07-10T11:53:05.926+08:00  INFO 34328 --- [博客系统] [restartedMain] o.e.springboot.SpringbootApplication     : Started SpringbootApplication in 0.962 seconds (process running for 124.457)
2024-07-10T11:53:05.926+08:00 DEBUG 34328 --- [博客系统] [restartedMain] c.b.m.a.DdlApplicationRunner             :   ...  DDL start create  ...  
2024-07-10T11:53:05.926+08:00 DEBUG 34328 --- [博客系统] [restartedMain] c.b.m.a.DdlApplicationRunner             :   ...  DDL end create  ...  
2024-07-10T11:53:05.926+08:00  INFO 34328 --- [博客系统] [restartedMain] .ConditionEvaluationDeltaLoggingListener : Condition evaluation unchanged
2024-07-10T11:59:36.161+08:00  INFO 34328 --- [博客系统] [File Watcher] rtingClassPathChangeChangedEventListener : Restarting due to 2 class path changes (0 additions, 0 deletions, 2 modifications)
2024-07-10T11:59:36.301+08:00  INFO 34328 --- [博客系统] [Thread-27] com.alibaba.druid.pool.DruidDataSource   : {dataSource-7} closing ...
2024-07-10T11:59:36.301+08:00  INFO 34328 --- [博客系统] [Thread-27] com.alibaba.druid.pool.DruidDataSource   : {dataSource-7} closed
2024-07-10T11:59:36.370+08:00  INFO 34328 --- [博客系统] [restartedMain] o.e.springboot.SpringbootApplication     : Starting SpringbootApplication using Java 17 with PID 34328 (C:\Users\FOREVERGWC\IdeaProjects\博客系统\springboot\target\classes started by FOREVERGWC in C:\Users\FOREVERGWC\IdeaProjects\博客系统\springboot)
2024-07-10T11:59:36.371+08:00  INFO 34328 --- [博客系统] [restartedMain] o.e.springboot.SpringbootApplication     : The following 1 profile is active: "dev"
2024-07-10T11:59:36.557+08:00 DEBUG 34328 --- [博客系统] [restartedMain] c.b.m.a.MybatisPlusAutoConfiguration     : Searching for mappers annotated with @Mapper
2024-07-10T11:59:36.558+08:00 DEBUG 34328 --- [博客系统] [restartedMain] c.b.m.a.MybatisPlusAutoConfiguration     : Using auto-configuration base package 'org.example.springboot'
2024-07-10T11:59:36.662+08:00  INFO 34328 --- [博客系统] [restartedMain] o.s.b.w.embedded.tomcat.TomcatWebServer  : Tomcat initialized with port 9090 (http)
2024-07-10T11:59:36.663+08:00  INFO 34328 --- [博客系统] [restartedMain] o.apache.catalina.core.StandardService   : Starting service [Tomcat]
2024-07-10T11:59:36.663+08:00  INFO 34328 --- [博客系统] [restartedMain] o.apache.catalina.core.StandardEngine    : Starting Servlet engine: [Apache Tomcat/10.1.25]
2024-07-10T11:59:36.677+08:00  INFO 34328 --- [博客系统] [restartedMain] o.a.c.c.C.[Tomcat].[localhost].[/]       : Initializing Spring embedded WebApplicationContext
2024-07-10T11:59:36.678+08:00  INFO 34328 --- [博客系统] [restartedMain] w.s.c.ServletWebServerApplicationContext : Root WebApplicationContext: initialization completed in 306 ms
2024-07-10T11:59:36.693+08:00  INFO 34328 --- [博客系统] [restartedMain] c.a.d.s.b.a.DruidDataSourceAutoConfigure : Init DruidDataSource
2024-07-10T11:59:36.716+08:00  INFO 34328 --- [博客系统] [restartedMain] com.alibaba.druid.pool.DruidDataSource   : {dataSource-8} inited
2024-07-10T11:59:36.750+08:00 DEBUG 34328 --- [博客系统] [restartedMain] c.b.m.e.s.MybatisSqlSessionFactoryBean   : Registered plugin: 'com.baomidou.mybatisplus.extension.plugins.MybatisPlusInterceptor@81b3514'
2024-07-10T11:59:36.750+08:00 DEBUG 34328 --- [博客系统] [restartedMain] c.b.m.e.s.MybatisSqlSessionFactoryBean   : Property 'mapperLocations' was not specified.
2024-07-10T11:59:37.388+08:00 DEBUG 34328 --- [博客系统] [restartedMain] c.b.m.a.MybatisPlusAutoConfiguration     : Not found configuration for registering mapper bean using @MapperScan, MapperFactoryBean and MapperScannerConfigurer.
2024-07-10T11:59:37.432+08:00  INFO 34328 --- [博客系统] [restartedMain] o.s.b.d.a.OptionalLiveReloadServer       : LiveReload server is running on port 35729
2024-07-10T11:59:37.449+08:00  INFO 34328 --- [博客系统] [restartedMain] o.s.b.w.embedded.tomcat.TomcatWebServer  : Tomcat started on port 9090 (http) with context path '/'
2024-07-10T11:59:37.451+08:00  INFO 34328 --- [博客系统] [restartedMain] o.e.s.common.config.SwaggerConfig        : -----------------------------------------------------
2024-07-10T11:59:37.451+08:00  INFO 34328 --- [博客系统] [restartedMain] o.e.s.common.config.SwaggerConfig        : -	本地地址：http://192.168.0.122:9090
2024-07-10T11:59:37.451+08:00  INFO 34328 --- [博客系统] [restartedMain] o.e.s.common.config.SwaggerConfig        : -	Swagger文档：http://192.168.0.122:9090/doc.html
2024-07-10T11:59:37.451+08:00  INFO 34328 --- [博客系统] [restartedMain] o.e.s.common.config.SwaggerConfig        : -----------------------------------------------------
2024-07-10T11:59:37.454+08:00  INFO 34328 --- [博客系统] [restartedMain] o.e.springboot.SpringbootApplication     : Started SpringbootApplication in 1.108 seconds (process running for 515.985)
2024-07-10T11:59:37.455+08:00 DEBUG 34328 --- [博客系统] [restartedMain] c.b.m.a.DdlApplicationRunner             :   ...  DDL start create  ...  
2024-07-10T11:59:37.455+08:00 DEBUG 34328 --- [博客系统] [restartedMain] c.b.m.a.DdlApplicationRunner             :   ...  DDL end create  ...  
2024-07-10T11:59:37.456+08:00  INFO 34328 --- [博客系统] [restartedMain] .ConditionEvaluationDeltaLoggingListener : Condition evaluation unchanged
2024-07-10T11:59:53.536+08:00  INFO 34328 --- [博客系统] [File Watcher] rtingClassPathChangeChangedEventListener : Restarting due to 6 class path changes (0 additions, 3 deletions, 3 modifications)
2024-07-10T11:59:53.706+08:00  INFO 34328 --- [博客系统] [Thread-31] com.alibaba.druid.pool.DruidDataSource   : {dataSource-8} closing ...
2024-07-10T11:59:53.706+08:00  INFO 34328 --- [博客系统] [Thread-31] com.alibaba.druid.pool.DruidDataSource   : {dataSource-8} closed
2024-07-10T11:59:53.775+08:00  INFO 34328 --- [博客系统] [restartedMain] o.e.springboot.SpringbootApplication     : Starting SpringbootApplication using Java 17 with PID 34328 (C:\Users\FOREVERGWC\IdeaProjects\博客系统\springboot\target\classes started by FOREVERGWC in C:\Users\FOREVERGWC\IdeaProjects\博客系统\springboot)
2024-07-10T11:59:53.775+08:00  INFO 34328 --- [博客系统] [restartedMain] o.e.springboot.SpringbootApplication     : The following 1 profile is active: "dev"
2024-07-10T11:59:53.958+08:00 DEBUG 34328 --- [博客系统] [restartedMain] c.b.m.a.MybatisPlusAutoConfiguration     : Searching for mappers annotated with @Mapper
2024-07-10T11:59:53.958+08:00 DEBUG 34328 --- [博客系统] [restartedMain] c.b.m.a.MybatisPlusAutoConfiguration     : Using auto-configuration base package 'org.example.springboot'
2024-07-10T11:59:54.078+08:00  INFO 34328 --- [博客系统] [restartedMain] o.s.b.w.embedded.tomcat.TomcatWebServer  : Tomcat initialized with port 9090 (http)
2024-07-10T11:59:54.078+08:00  INFO 34328 --- [博客系统] [restartedMain] o.apache.catalina.core.StandardService   : Starting service [Tomcat]
2024-07-10T11:59:54.078+08:00  INFO 34328 --- [博客系统] [restartedMain] o.apache.catalina.core.StandardEngine    : Starting Servlet engine: [Apache Tomcat/10.1.25]
2024-07-10T11:59:54.098+08:00  INFO 34328 --- [博客系统] [restartedMain] o.a.c.c.C.[Tomcat].[localhost].[/]       : Initializing Spring embedded WebApplicationContext
2024-07-10T11:59:54.098+08:00  INFO 34328 --- [博客系统] [restartedMain] w.s.c.ServletWebServerApplicationContext : Root WebApplicationContext: initialization completed in 321 ms
2024-07-10T11:59:54.119+08:00  INFO 34328 --- [博客系统] [restartedMain] c.a.d.s.b.a.DruidDataSourceAutoConfigure : Init DruidDataSource
2024-07-10T11:59:54.146+08:00  INFO 34328 --- [博客系统] [restartedMain] com.alibaba.druid.pool.DruidDataSource   : {dataSource-9} inited
2024-07-10T11:59:54.190+08:00 DEBUG 34328 --- [博客系统] [restartedMain] c.b.m.e.s.MybatisSqlSessionFactoryBean   : Registered plugin: 'com.baomidou.mybatisplus.extension.plugins.MybatisPlusInterceptor@6092ce3d'
2024-07-10T11:59:54.190+08:00 DEBUG 34328 --- [博客系统] [restartedMain] c.b.m.e.s.MybatisSqlSessionFactoryBean   : Property 'mapperLocations' was not specified.
2024-07-10T11:59:54.827+08:00 DEBUG 34328 --- [博客系统] [restartedMain] c.b.m.a.MybatisPlusAutoConfiguration     : Not found configuration for registering mapper bean using @MapperScan, MapperFactoryBean and MapperScannerConfigurer.
2024-07-10T11:59:54.866+08:00  INFO 34328 --- [博客系统] [restartedMain] o.s.b.d.a.OptionalLiveReloadServer       : LiveReload server is running on port 35729
2024-07-10T11:59:54.886+08:00  INFO 34328 --- [博客系统] [restartedMain] o.s.b.w.embedded.tomcat.TomcatWebServer  : Tomcat started on port 9090 (http) with context path '/'
2024-07-10T11:59:54.887+08:00  INFO 34328 --- [博客系统] [restartedMain] o.e.s.common.config.SwaggerConfig        : -----------------------------------------------------
2024-07-10T11:59:54.887+08:00  INFO 34328 --- [博客系统] [restartedMain] o.e.s.common.config.SwaggerConfig        : -	本地地址：http://192.168.0.122:9090
2024-07-10T11:59:54.887+08:00  INFO 34328 --- [博客系统] [restartedMain] o.e.s.common.config.SwaggerConfig        : -	Swagger文档：http://192.168.0.122:9090/doc.html
2024-07-10T11:59:54.887+08:00  INFO 34328 --- [博客系统] [restartedMain] o.e.s.common.config.SwaggerConfig        : -----------------------------------------------------
2024-07-10T11:59:54.891+08:00  INFO 34328 --- [博客系统] [restartedMain] o.e.springboot.SpringbootApplication     : Started SpringbootApplication in 1.145 seconds (process running for 533.421)
2024-07-10T11:59:54.891+08:00 DEBUG 34328 --- [博客系统] [restartedMain] c.b.m.a.DdlApplicationRunner             :   ...  DDL start create  ...  
2024-07-10T11:59:54.892+08:00 DEBUG 34328 --- [博客系统] [restartedMain] c.b.m.a.DdlApplicationRunner             :   ...  DDL end create  ...  
2024-07-10T11:59:54.892+08:00  INFO 34328 --- [博客系统] [restartedMain] .ConditionEvaluationDeltaLoggingListener : Condition evaluation unchanged
2024-07-10T11:59:54.975+08:00  INFO 34328 --- [博客系统] [http-nio-9090-exec-1] o.a.c.c.C.[Tomcat].[localhost].[/]       : Initializing Spring DispatcherServlet 'dispatcherServlet'
2024-07-10T11:59:54.976+08:00  INFO 34328 --- [博客系统] [http-nio-9090-exec-1] o.s.web.servlet.DispatcherServlet        : Initializing Servlet 'dispatcherServlet'
2024-07-10T11:59:54.976+08:00  INFO 34328 --- [博客系统] [http-nio-9090-exec-1] o.s.web.servlet.DispatcherServlet        : Completed initialization in 0 ms
2024-07-10T11:59:55.576+08:00  INFO 34328 --- [博客系统] [http-nio-9090-exec-3] o.springdoc.api.AbstractOpenApiResource  : Init duration for springdoc-openapi is: 285 ms
2024-07-10T11:59:56.356+08:00  INFO 34328 --- [博客系统] [File Watcher] rtingClassPathChangeChangedEventListener : Restarting due to 3 class path changes (3 additions, 0 deletions, 0 modifications)
2024-07-10T11:59:56.494+08:00  INFO 34328 --- [博客系统] [Thread-35] com.alibaba.druid.pool.DruidDataSource   : {dataSource-9} closing ...
2024-07-10T11:59:56.494+08:00  INFO 34328 --- [博客系统] [Thread-35] com.alibaba.druid.pool.DruidDataSource   : {dataSource-9} closed
2024-07-10T11:59:56.550+08:00  INFO 34328 --- [博客系统] [restartedMain] o.e.springboot.SpringbootApplication     : Starting SpringbootApplication using Java 17 with PID 34328 (C:\Users\FOREVERGWC\IdeaProjects\博客系统\springboot\target\classes started by FOREVERGWC in C:\Users\FOREVERGWC\IdeaProjects\博客系统\springboot)
2024-07-10T11:59:56.551+08:00  INFO 34328 --- [博客系统] [restartedMain] o.e.springboot.SpringbootApplication     : The following 1 profile is active: "dev"
2024-07-10T11:59:56.717+08:00 DEBUG 34328 --- [博客系统] [restartedMain] c.b.m.a.MybatisPlusAutoConfiguration     : Searching for mappers annotated with @Mapper
2024-07-10T11:59:56.717+08:00 DEBUG 34328 --- [博客系统] [restartedMain] c.b.m.a.MybatisPlusAutoConfiguration     : Using auto-configuration base package 'org.example.springboot'
2024-07-10T11:59:56.806+08:00  INFO 34328 --- [博客系统] [restartedMain] o.s.b.w.embedded.tomcat.TomcatWebServer  : Tomcat initialized with port 9090 (http)
2024-07-10T11:59:56.807+08:00  INFO 34328 --- [博客系统] [restartedMain] o.apache.catalina.core.StandardService   : Starting service [Tomcat]
2024-07-10T11:59:56.807+08:00  INFO 34328 --- [博客系统] [restartedMain] o.apache.catalina.core.StandardEngine    : Starting Servlet engine: [Apache Tomcat/10.1.25]
2024-07-10T11:59:56.822+08:00  INFO 34328 --- [博客系统] [restartedMain] o.a.c.c.C.[Tomcat].[localhost].[/]       : Initializing Spring embedded WebApplicationContext
2024-07-10T11:59:56.822+08:00  INFO 34328 --- [博客系统] [restartedMain] w.s.c.ServletWebServerApplicationContext : Root WebApplicationContext: initialization completed in 270 ms
2024-07-10T11:59:56.837+08:00  INFO 34328 --- [博客系统] [restartedMain] c.a.d.s.b.a.DruidDataSourceAutoConfigure : Init DruidDataSource
2024-07-10T11:59:56.864+08:00  INFO 34328 --- [博客系统] [restartedMain] com.alibaba.druid.pool.DruidDataSource   : {dataSource-10} inited
2024-07-10T11:59:56.897+08:00 DEBUG 34328 --- [博客系统] [restartedMain] c.b.m.e.s.MybatisSqlSessionFactoryBean   : Registered plugin: 'com.baomidou.mybatisplus.extension.plugins.MybatisPlusInterceptor@56b475f8'
2024-07-10T11:59:56.897+08:00 DEBUG 34328 --- [博客系统] [restartedMain] c.b.m.e.s.MybatisSqlSessionFactoryBean   : Property 'mapperLocations' was not specified.
2024-07-10T11:59:57.463+08:00 DEBUG 34328 --- [博客系统] [restartedMain] c.b.m.a.MybatisPlusAutoConfiguration     : Not found configuration for registering mapper bean using @MapperScan, MapperFactoryBean and MapperScannerConfigurer.
2024-07-10T11:59:57.496+08:00  INFO 34328 --- [博客系统] [restartedMain] o.s.b.d.a.OptionalLiveReloadServer       : LiveReload server is running on port 35729
2024-07-10T11:59:57.512+08:00  INFO 34328 --- [博客系统] [restartedMain] o.s.b.w.embedded.tomcat.TomcatWebServer  : Tomcat started on port 9090 (http) with context path '/'
2024-07-10T11:59:57.513+08:00  INFO 34328 --- [博客系统] [restartedMain] o.e.s.common.config.SwaggerConfig        : -----------------------------------------------------
2024-07-10T11:59:57.513+08:00  INFO 34328 --- [博客系统] [restartedMain] o.e.s.common.config.SwaggerConfig        : -	本地地址：http://192.168.0.122:9090
2024-07-10T11:59:57.513+08:00  INFO 34328 --- [博客系统] [restartedMain] o.e.s.common.config.SwaggerConfig        : -	Swagger文档：http://192.168.0.122:9090/doc.html
2024-07-10T11:59:57.513+08:00  INFO 34328 --- [博客系统] [restartedMain] o.e.s.common.config.SwaggerConfig        : -----------------------------------------------------
2024-07-10T11:59:57.516+08:00  INFO 34328 --- [博客系统] [restartedMain] o.e.springboot.SpringbootApplication     : Started SpringbootApplication in 0.988 seconds (process running for 536.047)
2024-07-10T11:59:57.517+08:00 DEBUG 34328 --- [博客系统] [restartedMain] c.b.m.a.DdlApplicationRunner             :   ...  DDL start create  ...  
2024-07-10T11:59:57.517+08:00 DEBUG 34328 --- [博客系统] [restartedMain] c.b.m.a.DdlApplicationRunner             :   ...  DDL end create  ...  
2024-07-10T11:59:57.517+08:00  INFO 34328 --- [博客系统] [restartedMain] .ConditionEvaluationDeltaLoggingListener : Condition evaluation unchanged
2024-07-10T11:59:57.642+08:00  INFO 34328 --- [博客系统] [http-nio-9090-exec-1] o.a.c.c.C.[Tomcat].[localhost].[/]       : Initializing Spring DispatcherServlet 'dispatcherServlet'
2024-07-10T11:59:57.642+08:00  INFO 34328 --- [博客系统] [http-nio-9090-exec-1] o.s.web.servlet.DispatcherServlet        : Initializing Servlet 'dispatcherServlet'
2024-07-10T11:59:57.643+08:00  INFO 34328 --- [博客系统] [http-nio-9090-exec-1] o.s.web.servlet.DispatcherServlet        : Completed initialization in 1 ms
2024-07-10T11:59:58.096+08:00  INFO 34328 --- [博客系统] [http-nio-9090-exec-3] o.springdoc.api.AbstractOpenApiResource  : Init duration for springdoc-openapi is: 287 ms
2024-07-10T12:05:31.504+08:00  INFO 34328 --- [博客系统] [File Watcher] rtingClassPathChangeChangedEventListener : Restarting due to 2 class path changes (0 additions, 0 deletions, 2 modifications)
2024-07-10T12:05:31.645+08:00  INFO 34328 --- [博客系统] [Thread-39] com.alibaba.druid.pool.DruidDataSource   : {dataSource-10} closing ...
2024-07-10T12:05:31.645+08:00  INFO 34328 --- [博客系统] [Thread-39] com.alibaba.druid.pool.DruidDataSource   : {dataSource-10} closed
2024-07-10T12:05:31.707+08:00  INFO 34328 --- [博客系统] [restartedMain] o.e.springboot.SpringbootApplication     : Starting SpringbootApplication using Java 17 with PID 34328 (C:\Users\FOREVERGWC\IdeaProjects\博客系统\springboot\target\classes started by FOREVERGWC in C:\Users\FOREVERGWC\IdeaProjects\博客系统\springboot)
2024-07-10T12:05:31.707+08:00  INFO 34328 --- [博客系统] [restartedMain] o.e.springboot.SpringbootApplication     : The following 1 profile is active: "dev"
2024-07-10T12:05:31.879+08:00 DEBUG 34328 --- [博客系统] [restartedMain] c.b.m.a.MybatisPlusAutoConfiguration     : Searching for mappers annotated with @Mapper
2024-07-10T12:05:31.879+08:00 DEBUG 34328 --- [博客系统] [restartedMain] c.b.m.a.MybatisPlusAutoConfiguration     : Using auto-configuration base package 'org.example.springboot'
2024-07-10T12:05:31.980+08:00  INFO 34328 --- [博客系统] [restartedMain] o.s.b.w.embedded.tomcat.TomcatWebServer  : Tomcat initialized with port 9090 (http)
2024-07-10T12:05:31.980+08:00  INFO 34328 --- [博客系统] [restartedMain] o.apache.catalina.core.StandardService   : Starting service [Tomcat]
2024-07-10T12:05:31.980+08:00  INFO 34328 --- [博客系统] [restartedMain] o.apache.catalina.core.StandardEngine    : Starting Servlet engine: [Apache Tomcat/10.1.25]
2024-07-10T12:05:31.996+08:00  INFO 34328 --- [博客系统] [restartedMain] o.a.c.c.C.[Tomcat].[localhost].[/]       : Initializing Spring embedded WebApplicationContext
2024-07-10T12:05:31.996+08:00  INFO 34328 --- [博客系统] [restartedMain] w.s.c.ServletWebServerApplicationContext : Root WebApplicationContext: initialization completed in 288 ms
2024-07-10T12:05:32.012+08:00  INFO 34328 --- [博客系统] [restartedMain] c.a.d.s.b.a.DruidDataSourceAutoConfigure : Init DruidDataSource
2024-07-10T12:05:32.039+08:00  INFO 34328 --- [博客系统] [restartedMain] com.alibaba.druid.pool.DruidDataSource   : {dataSource-11} inited
2024-07-10T12:05:32.071+08:00 DEBUG 34328 --- [博客系统] [restartedMain] c.b.m.e.s.MybatisSqlSessionFactoryBean   : Registered plugin: 'com.baomidou.mybatisplus.extension.plugins.MybatisPlusInterceptor@57267f38'
2024-07-10T12:05:32.071+08:00 DEBUG 34328 --- [博客系统] [restartedMain] c.b.m.e.s.MybatisSqlSessionFactoryBean   : Property 'mapperLocations' was not specified.
2024-07-10T12:05:32.649+08:00 DEBUG 34328 --- [博客系统] [restartedMain] c.b.m.a.MybatisPlusAutoConfiguration     : Not found configuration for registering mapper bean using @MapperScan, MapperFactoryBean and MapperScannerConfigurer.
2024-07-10T12:05:32.687+08:00  INFO 34328 --- [博客系统] [restartedMain] o.s.b.d.a.OptionalLiveReloadServer       : LiveReload server is running on port 35729
2024-07-10T12:05:32.704+08:00  INFO 34328 --- [博客系统] [restartedMain] o.s.b.w.embedded.tomcat.TomcatWebServer  : Tomcat started on port 9090 (http) with context path '/'
2024-07-10T12:05:32.705+08:00  INFO 34328 --- [博客系统] [restartedMain] o.e.s.common.config.SwaggerConfig        : -----------------------------------------------------
2024-07-10T12:05:32.705+08:00  INFO 34328 --- [博客系统] [restartedMain] o.e.s.common.config.SwaggerConfig        : -	本地地址：http://192.168.0.122:9090
2024-07-10T12:05:32.705+08:00  INFO 34328 --- [博客系统] [restartedMain] o.e.s.common.config.SwaggerConfig        : -	Swagger文档：http://192.168.0.122:9090/doc.html
2024-07-10T12:05:32.705+08:00  INFO 34328 --- [博客系统] [restartedMain] o.e.s.common.config.SwaggerConfig        : -----------------------------------------------------
2024-07-10T12:05:32.708+08:00  INFO 34328 --- [博客系统] [restartedMain] o.e.springboot.SpringbootApplication     : Started SpringbootApplication in 1.028 seconds (process running for 871.239)
2024-07-10T12:05:32.709+08:00 DEBUG 34328 --- [博客系统] [restartedMain] c.b.m.a.DdlApplicationRunner             :   ...  DDL start create  ...  
2024-07-10T12:05:32.709+08:00 DEBUG 34328 --- [博客系统] [restartedMain] c.b.m.a.DdlApplicationRunner             :   ...  DDL end create  ...  
2024-07-10T12:05:32.709+08:00  INFO 34328 --- [博客系统] [restartedMain] .ConditionEvaluationDeltaLoggingListener : Condition evaluation unchanged
2024-07-10T12:05:37.273+08:00  INFO 34328 --- [博客系统] [http-nio-9090-exec-1] o.a.c.c.C.[Tomcat].[localhost].[/]       : Initializing Spring DispatcherServlet 'dispatcherServlet'
2024-07-10T12:05:37.273+08:00  INFO 34328 --- [博客系统] [http-nio-9090-exec-1] o.s.web.servlet.DispatcherServlet        : Initializing Servlet 'dispatcherServlet'
2024-07-10T12:05:37.275+08:00  INFO 34328 --- [博客系统] [http-nio-9090-exec-1] o.s.web.servlet.DispatcherServlet        : Completed initialization in 2 ms
2024-07-10T12:05:37.317+08:00  INFO 34328 --- [博客系统] [File Watcher] rtingClassPathChangeChangedEventListener : Restarting due to 2 class path changes (0 additions, 2 deletions, 0 modifications)
2024-07-10T12:05:37.514+08:00  INFO 34328 --- [博客系统] [Thread-43] com.alibaba.druid.pool.DruidDataSource   : {dataSource-11} closing ...
2024-07-10T12:05:37.514+08:00  INFO 34328 --- [博客系统] [Thread-43] com.alibaba.druid.pool.DruidDataSource   : {dataSource-11} closed
2024-07-10T12:05:37.592+08:00  INFO 34328 --- [博客系统] [restartedMain] o.e.springboot.SpringbootApplication     : Starting SpringbootApplication using Java 17 with PID 34328 (C:\Users\FOREVERGWC\IdeaProjects\博客系统\springboot\target\classes started by FOREVERGWC in C:\Users\FOREVERGWC\IdeaProjects\博客系统\springboot)
2024-07-10T12:05:37.592+08:00  INFO 34328 --- [博客系统] [restartedMain] o.e.springboot.SpringbootApplication     : The following 1 profile is active: "dev"
2024-07-10T12:05:37.811+08:00 DEBUG 34328 --- [博客系统] [restartedMain] c.b.m.a.MybatisPlusAutoConfiguration     : Searching for mappers annotated with @Mapper
2024-07-10T12:05:37.812+08:00 DEBUG 34328 --- [博客系统] [restartedMain] c.b.m.a.MybatisPlusAutoConfiguration     : Using auto-configuration base package 'org.example.springboot'
2024-07-10T12:05:37.932+08:00  INFO 34328 --- [博客系统] [restartedMain] o.s.b.w.embedded.tomcat.TomcatWebServer  : Tomcat initialized with port 9090 (http)
2024-07-10T12:05:37.932+08:00  INFO 34328 --- [博客系统] [restartedMain] o.apache.catalina.core.StandardService   : Starting service [Tomcat]
2024-07-10T12:05:37.933+08:00  INFO 34328 --- [博客系统] [restartedMain] o.apache.catalina.core.StandardEngine    : Starting Servlet engine: [Apache Tomcat/10.1.25]
2024-07-10T12:05:37.952+08:00  INFO 34328 --- [博客系统] [restartedMain] o.a.c.c.C.[Tomcat].[localhost].[/]       : Initializing Spring embedded WebApplicationContext
2024-07-10T12:05:37.952+08:00  INFO 34328 --- [博客系统] [restartedMain] w.s.c.ServletWebServerApplicationContext : Root WebApplicationContext: initialization completed in 358 ms
2024-07-10T12:05:37.976+08:00  INFO 34328 --- [博客系统] [restartedMain] c.a.d.s.b.a.DruidDataSourceAutoConfigure : Init DruidDataSource
2024-07-10T12:05:38.011+08:00  INFO 34328 --- [博客系统] [restartedMain] com.alibaba.druid.pool.DruidDataSource   : {dataSource-12} inited
2024-07-10T12:05:38.060+08:00 DEBUG 34328 --- [博客系统] [restartedMain] c.b.m.e.s.MybatisSqlSessionFactoryBean   : Registered plugin: 'com.baomidou.mybatisplus.extension.plugins.MybatisPlusInterceptor@1cd8b7e3'
2024-07-10T12:05:38.060+08:00 DEBUG 34328 --- [博客系统] [restartedMain] c.b.m.e.s.MybatisSqlSessionFactoryBean   : Property 'mapperLocations' was not specified.
2024-07-10T12:05:38.687+08:00 DEBUG 34328 --- [博客系统] [restartedMain] c.b.m.a.MybatisPlusAutoConfiguration     : Not found configuration for registering mapper bean using @MapperScan, MapperFactoryBean and MapperScannerConfigurer.
2024-07-10T12:05:38.727+08:00  INFO 34328 --- [博客系统] [restartedMain] o.s.b.d.a.OptionalLiveReloadServer       : LiveReload server is running on port 35729
2024-07-10T12:05:38.745+08:00  INFO 34328 --- [博客系统] [restartedMain] o.s.b.w.embedded.tomcat.TomcatWebServer  : Tomcat started on port 9090 (http) with context path '/'
2024-07-10T12:05:38.747+08:00  INFO 34328 --- [博客系统] [restartedMain] o.e.s.common.config.SwaggerConfig        : -----------------------------------------------------
2024-07-10T12:05:38.747+08:00  INFO 34328 --- [博客系统] [restartedMain] o.e.s.common.config.SwaggerConfig        : -	本地地址：http://192.168.0.122:9090
2024-07-10T12:05:38.747+08:00  INFO 34328 --- [博客系统] [restartedMain] o.e.s.common.config.SwaggerConfig        : -	Swagger文档：http://192.168.0.122:9090/doc.html
2024-07-10T12:05:38.747+08:00  INFO 34328 --- [博客系统] [restartedMain] o.e.s.common.config.SwaggerConfig        : -----------------------------------------------------
2024-07-10T12:05:38.751+08:00  INFO 34328 --- [博客系统] [restartedMain] o.e.springboot.SpringbootApplication     : Started SpringbootApplication in 1.189 seconds (process running for 877.282)
2024-07-10T12:05:38.752+08:00 DEBUG 34328 --- [博客系统] [restartedMain] c.b.m.a.DdlApplicationRunner             :   ...  DDL start create  ...  
2024-07-10T12:05:38.752+08:00 DEBUG 34328 --- [博客系统] [restartedMain] c.b.m.a.DdlApplicationRunner             :   ...  DDL end create  ...  
2024-07-10T12:05:38.753+08:00  INFO 34328 --- [博客系统] [restartedMain] .ConditionEvaluationDeltaLoggingListener : Condition evaluation unchanged
2024-07-10T12:05:38.954+08:00  INFO 34328 --- [博客系统] [http-nio-9090-exec-1] o.a.c.c.C.[Tomcat].[localhost].[/]       : Initializing Spring DispatcherServlet 'dispatcherServlet'
2024-07-10T12:05:38.954+08:00  INFO 34328 --- [博客系统] [http-nio-9090-exec-1] o.s.web.servlet.DispatcherServlet        : Initializing Servlet 'dispatcherServlet'
2024-07-10T12:05:38.955+08:00  INFO 34328 --- [博客系统] [http-nio-9090-exec-1] o.s.web.servlet.DispatcherServlet        : Completed initialization in 1 ms
2024-07-10T12:05:39.286+08:00  INFO 34328 --- [博客系统] [http-nio-9090-exec-2] o.springdoc.api.AbstractOpenApiResource  : Init duration for springdoc-openapi is: 317 ms
2024-07-10T12:05:40.209+08:00  INFO 34328 --- [博客系统] [File Watcher] rtingClassPathChangeChangedEventListener : Restarting due to 2 class path changes (2 additions, 0 deletions, 0 modifications)
2024-07-10T12:05:40.347+08:00  INFO 34328 --- [博客系统] [Thread-47] com.alibaba.druid.pool.DruidDataSource   : {dataSource-12} closing ...
2024-07-10T12:05:40.347+08:00  INFO 34328 --- [博客系统] [Thread-47] com.alibaba.druid.pool.DruidDataSource   : {dataSource-12} closed
2024-07-10T12:05:40.409+08:00  INFO 34328 --- [博客系统] [restartedMain] o.e.springboot.SpringbootApplication     : Starting SpringbootApplication using Java 17 with PID 34328 (C:\Users\FOREVERGWC\IdeaProjects\博客系统\springboot\target\classes started by FOREVERGWC in C:\Users\FOREVERGWC\IdeaProjects\博客系统\springboot)
2024-07-10T12:05:40.410+08:00  INFO 34328 --- [博客系统] [restartedMain] o.e.springboot.SpringbootApplication     : The following 1 profile is active: "dev"
2024-07-10T12:05:40.578+08:00 DEBUG 34328 --- [博客系统] [restartedMain] c.b.m.a.MybatisPlusAutoConfiguration     : Searching for mappers annotated with @Mapper
2024-07-10T12:05:40.578+08:00 DEBUG 34328 --- [博客系统] [restartedMain] c.b.m.a.MybatisPlusAutoConfiguration     : Using auto-configuration base package 'org.example.springboot'
2024-07-10T12:05:40.673+08:00  INFO 34328 --- [博客系统] [restartedMain] o.s.b.w.embedded.tomcat.TomcatWebServer  : Tomcat initialized with port 9090 (http)
2024-07-10T12:05:40.674+08:00  INFO 34328 --- [博客系统] [restartedMain] o.apache.catalina.core.StandardService   : Starting service [Tomcat]
2024-07-10T12:05:40.674+08:00  INFO 34328 --- [博客系统] [restartedMain] o.apache.catalina.core.StandardEngine    : Starting Servlet engine: [Apache Tomcat/10.1.25]
2024-07-10T12:05:40.689+08:00  INFO 34328 --- [博客系统] [restartedMain] o.a.c.c.C.[Tomcat].[localhost].[/]       : Initializing Spring embedded WebApplicationContext
2024-07-10T12:05:40.689+08:00  INFO 34328 --- [博客系统] [restartedMain] w.s.c.ServletWebServerApplicationContext : Root WebApplicationContext: initialization completed in 278 ms
2024-07-10T12:05:40.704+08:00  INFO 34328 --- [博客系统] [restartedMain] c.a.d.s.b.a.DruidDataSourceAutoConfigure : Init DruidDataSource
2024-07-10T12:05:40.726+08:00  INFO 34328 --- [博客系统] [restartedMain] com.alibaba.druid.pool.DruidDataSource   : {dataSource-13} inited
2024-07-10T12:05:40.758+08:00 DEBUG 34328 --- [博客系统] [restartedMain] c.b.m.e.s.MybatisSqlSessionFactoryBean   : Registered plugin: 'com.baomidou.mybatisplus.extension.plugins.MybatisPlusInterceptor@7b66c3f4'
2024-07-10T12:05:40.758+08:00 DEBUG 34328 --- [博客系统] [restartedMain] c.b.m.e.s.MybatisSqlSessionFactoryBean   : Property 'mapperLocations' was not specified.
2024-07-10T12:05:41.313+08:00 DEBUG 34328 --- [博客系统] [restartedMain] c.b.m.a.MybatisPlusAutoConfiguration     : Not found configuration for registering mapper bean using @MapperScan, MapperFactoryBean and MapperScannerConfigurer.
2024-07-10T12:05:41.349+08:00  INFO 34328 --- [博客系统] [restartedMain] o.s.b.d.a.OptionalLiveReloadServer       : LiveReload server is running on port 35729
2024-07-10T12:05:41.367+08:00  INFO 34328 --- [博客系统] [restartedMain] o.s.b.w.embedded.tomcat.TomcatWebServer  : Tomcat started on port 9090 (http) with context path '/'
2024-07-10T12:05:41.368+08:00  INFO 34328 --- [博客系统] [restartedMain] o.e.s.common.config.SwaggerConfig        : -----------------------------------------------------
2024-07-10T12:05:41.368+08:00  INFO 34328 --- [博客系统] [restartedMain] o.e.s.common.config.SwaggerConfig        : -	本地地址：http://192.168.0.122:9090
2024-07-10T12:05:41.368+08:00  INFO 34328 --- [博客系统] [restartedMain] o.e.s.common.config.SwaggerConfig        : -	Swagger文档：http://192.168.0.122:9090/doc.html
2024-07-10T12:05:41.368+08:00  INFO 34328 --- [博客系统] [restartedMain] o.e.s.common.config.SwaggerConfig        : -----------------------------------------------------
2024-07-10T12:05:41.371+08:00  INFO 34328 --- [博客系统] [restartedMain] o.e.springboot.SpringbootApplication     : Started SpringbootApplication in 0.985 seconds (process running for 879.901)
2024-07-10T12:05:41.371+08:00 DEBUG 34328 --- [博客系统] [restartedMain] c.b.m.a.DdlApplicationRunner             :   ...  DDL start create  ...  
2024-07-10T12:05:41.371+08:00 DEBUG 34328 --- [博客系统] [restartedMain] c.b.m.a.DdlApplicationRunner             :   ...  DDL end create  ...  
2024-07-10T12:05:41.372+08:00  INFO 34328 --- [博客系统] [restartedMain] .ConditionEvaluationDeltaLoggingListener : Condition evaluation unchanged
2024-07-10T12:09:37.284+08:00  INFO 34328 --- [博客系统] [SpringApplicationShutdownHook] com.alibaba.druid.pool.DruidDataSource   : {dataSource-13} closing ...
2024-07-10T12:09:37.284+08:00  INFO 34328 --- [博客系统] [SpringApplicationShutdownHook] com.alibaba.druid.pool.DruidDataSource   : {dataSource-13} closed
